[2014-04-15 16:34:42] INFO  WEBrick 1.3.1
[2014-04-15 16:34:42] INFO  ruby 1.9.3 (2012-04-20) [x86_64-linux]
[2014-04-15 16:34:42] INFO  WEBrick::HTTPServer#start: pid=30680 port=3000
[2014-04-15 16:34:48] WARN  Could not determine content-length of response body. Set content-length of the response or set Response#chunked = true
=> Booting WEBrick
=> Rails 4.0.4 application starting in development on http://0.0.0.0:3000
=> Run `rails server -h` for more startup options
=> Ctrl-C to shutdown server


Started GET "/" for 10.244.167.45 at 2014-04-15 16:34:48 -0700
Processing by Rails::WelcomeController#index as HTML
  Rendered /var/lib/gems/1.9.1/gems/railties-4.0.4/lib/rails/templates/rails/welcome/index.html.erb (2.7ms)
Completed 200 OK in 57ms (Views: 34.9ms | ActiveRecord: 0.0ms)


Started GET "/static_pages/home" for 10.244.167.45 at 2014-04-15 16:34:55 -0700
Processing by StaticPagesController#home as HTML
  Rendered static_pages/home.html.erb within layouts/application (0.6ms)
[2014-04-15 16:34:56] WARN  Could not determine content-length of response body. Set content-length of the response or set Response#chunked = true
[2014-04-15 16:34:56] WARN  Could not determine content-length of response body. Set content-length of the response or set Response#chunked = true
[2014-04-15 16:34:56] WARN  Could not determine content-length of response body. Set content-length of the response or set Response#chunked = true
[2014-04-15 16:34:56] WARN  Could not determine content-length of response body. Set content-length of the response or set Response#chunked = true
[2014-04-15 16:34:56] WARN  Could not determine content-length of response body. Set content-length of the response or set Response#chunked = true
